<?xml version="1.0" encoding="UTF-8"?>
<!-- Generated by org.testng.reporters.JUnitXMLReporter -->
<testsuite ignored="9" hostname="Bhavana" failures="0" tests="1" name="Default test" time="0.069" errors="0" timestamp="2023-10-05T17:56:25 IST">
  <testcase classname="Collections.Collections" name="hashset" time="0.012"/>
  <testcase classname="Collections.Collections" name="list" time="0.0">
    <ignored/>
  </testcase> <!-- list -->
  <testcase classname="Collections.Collections" name="hashtable" time="0.0">
    <ignored/>
  </testcase> <!-- hashtable -->
  <testcase classname="Collections.Collections" name="hashmap" time="0.0">
    <ignored/>
  </testcase> <!-- hashmap -->
  <testcase classname="Collections.Collections" name="linkedlist" time="0.0">
    <ignored/>
  </testcase> <!-- linkedlist -->
  <testcase classname="Collections.Collections" name="priorityQueue" time="0.0">
    <ignored/>
  </testcase> <!-- priorityQueue -->
  <testcase classname="Collections.Collections" name="linkedhs" time="0.0">
    <ignored/>
  </testcase> <!-- linkedhs -->
  <testcase classname="Collections.Collections" name="treemap" time="0.0">
    <ignored/>
  </testcase> <!-- treemap -->
  <testcase classname="Collections.Collections" name="arrayList" time="0.0">
    <ignored/>
  </testcase> <!-- arrayList -->
  <testcase classname="Collections.Collections" name="treeset" time="0.0">
    <ignored/>
  </testcase> <!-- treeset -->
</testsuite> <!-- Default test -->
