<?xml version="1.0" encoding="UTF-8"?>
<testng-results ignored="9" total="10" passed="1" failed="0" skipped="0">
  <reporter-output>
  </reporter-output>
  <suite started-at="2023-10-05T17:56:25 IST" name="Default suite" finished-at="2023-10-05T17:56:25 IST" duration-ms="69">
    <groups>
    </groups>
    <test started-at="2023-10-05T17:56:25 IST" name="Default test" finished-at="2023-10-05T17:56:25 IST" duration-ms="69">
      <class name="Collections.Collections">
        <test-method signature="hashset()[pri:0, instance:Collections.Collections@7586beff]" started-at="2023-10-05T17:56:25 IST" name="hashset" finished-at="2023-10-05T17:56:25 IST" duration-ms="12" status="PASS">
          <reporter-output>
          </reporter-output>
        </test-method> <!-- hashset -->
      </class> <!-- Collections.Collections -->
    </test> <!-- Default test -->
  </suite> <!-- Default suite -->
</testng-results>
